0 info it worked if it ends with ok
1 verbose cli [ '/home/moi/.nvm/v0.10.39/bin/node',
1 verbose cli   '/home/moi/.nvm/v0.10.39/bin/npm',
1 verbose cli   'start' ]
2 info using npm@1.4.28
3 info using node@v0.10.39
4 verbose run-script [ 'prestart', 'start', 'poststart' ]
5 info prestart webpack-test@1.0.0
6 info start webpack-test@1.0.0
7 verbose unsafe-perm in lifecycle true
8 info webpack-test@1.0.0 Failed to exec start script
9 error webpack-test@1.0.0 start: `webpack-dev-server --hot --watch --progress --colors`
9 error Exit status 8
10 error Failed at the webpack-test@1.0.0 start script.
10 error This is most likely a problem with the webpack-test package,
10 error not with npm itself.
10 error Tell the author that this fails on your system:
10 error     webpack-dev-server --hot --watch --progress --colors
10 error You can get their info via:
10 error     npm owner ls webpack-test
10 error There is likely additional logging output above.
11 error System Linux 3.13.0-61-generic
12 error command "/home/moi/.nvm/v0.10.39/bin/node" "/home/moi/.nvm/v0.10.39/bin/npm" "start"
13 error cwd /home/moi/Application/frontend-boilerplate
14 error node -v v0.10.39
15 error npm -v 1.4.28
16 error code ELIFECYCLE
17 verbose exit [ 1, true ]
